[bushido-6126a6.webflow.io/index.html]
[backblue.gif]
[fade.gif]
[index.html]
[cdn.prod.website-files.com/631f0ee0710d8d51fa44a632/css/bushido-6126a6.webflow.e05d48e28.css]
[ajax.googleapis.com/ajax/libs/webfont/1.6.26/webfont.js]
[fonts.googleapis.com/index.html]
[cdn.prod.website-files.com/631f0ee0710d8d51fa44a632/63442f8ddb1475414397fbd8_Favicon.png]
[cdn.prod.website-files.com/631f0ee0710d8d51fa44a632/63442f92491c8651a1c9e6b3_Webclip.png]
[bushido-6126a6.webflow.io/universe.html]
[bushido-6126a6.webflow.io/bushidos.html]
[bushido-6126a6.webflow.io/exchange/dashboard.html]
[cdn.prod.website-files.com/631f0ee0710d8d51fa44a632/631f28e24bc717ac5b6f5473_Logo.svg]
[cdn.prod.website-files.com/631f0ee0710d8d51fa44a632/632092faa3bbee323a7667f3_Universe.jpg]
[cdn.prod.website-files.com/631f0ee0710d8d51fa44a632/632092fa37d74b23761f3e0f_Minting.jpg]
[cdn.prod.website-files.com/631f0ee0710d8d51fa44a632/632092fae7940bdf46bc8e9d_trading.jpg]
[cdn.prod.website-files.com/631f0ee0710d8d51fa44a632/632092fad1d6581eb9d9cc8b_Meet the fighters.jpg]
[cdn.prod.website-files.com/631f0ee0710d8d51fa44a632/632092fa99643a5169dcaa74_Maiar.jpg]
[cdn.prod.website-files.com/631f0ee0710d8d51fa44a632/632092fa93e4911753e6d3d1_Battle & earn.jpg]
[cdn.prod.website-files.com/631f0ee0710d8d51fa44a632/632227801eab446270850205_Creator 1.png]
[cdn.prod.website-files.com/631f0ee0710d8d51fa44a632/6322287626665c40bfbf5f24_Bgcreator.jpg]
[d3e54v103j8qbb.cloudfront.net/js/jquery-3.5.1.min.dc5e7f18c8006d.js]
[bushido-6126a6.webflow.io/index.html]
[cdn.prod.website-files.com/631f0ee0710d8d51fa44a632/js/webflow.36e71da6c.js]
[d3e54v103j8qbb.cloudfront.net/static/youtube-placeholder.2b05e7d68d.svg]
[uploads-ssl.webflow.com/631f0ee0710d8d51fa44a632/633c077a59026f6ae6cf0bca_Frame 28.jpg]
[cdn.prod.website-files.com/631f0ee0710d8d51fa44a632/css/bushido-6126a6.webflow.e05d48e28.css]
[fonts.googleapis.com/index.html]
[fonts.gstatic.com/index.html]
[cdn.prod.website-files.com/631f0ee0710d8d51fa44a632/63297b88c56c8a251de794f1_Universe Image.jpg]
[cdn.prod.website-files.com/631f0ee0710d8d51fa44a632/634521a04b747e5432d822a0_Characters - Banner 1.jpg]
[cdn.prod.website-files.com/631f0ee0710d8d51fa44a632/63451e3ba793564a9cb6bf18_Gi-Test2 1.jpg]
[cdn.prod.website-files.com/631f0ee0710d8d51fa44a632/634518839ec4b555e566f326_LOre 1.jpg]
[cdn.prod.website-files.com/631f0ee0710d8d51fa44a632/634518831d82298150ef9bba_Jin lore 1.jpg]
[bushido-6126a6.webflow.io/universe.html]
[cdn.prod.website-files.com/631f0ee0710d8d51fa44a632/632acbe8530c5718f253df8c_Bushidos.jpg]
[cdn.prod.website-files.com/631f0ee0710d8d51fa44a632/6331728b91251546099d77c7_Meyio-poster-00001.jpg]
[cdn.prod.website-files.com/6022af993a6b2191db3ed10c/628299f8aa233b83918e24fd_Pause.svg]
[cdn.prod.website-files.com/6022af993a6b2191db3ed10c/628298b20ae0236682d4b87f_Play-24.svg]
[cdn.prod.website-files.com/631f0ee0710d8d51fa44a632/63316bdd29b5ad1673a8d131_shield_FILL1_wght700_GRAD0_opsz40.svg]
[cdn.prod.website-files.com/631f0ee0710d8d51fa44a632/6331aff969213a1ef05ee1d1_bolt_FILL1_wght700_GRAD0_opsz40.svg]
[cdn.prod.website-files.com/631f0ee0710d8d51fa44a632/63316bde4b0a6ceb94a57c80_Meyio-Attribute.jpg]
[cdn.prod.website-files.com/631f0ee0710d8d51fa44a632/6331af602d1a56800e380e9f_Gi1-poster-00001.jpg]
[cdn.prod.website-files.com/631f0ee0710d8d51fa44a632/6331aff9ab0e8ed197cfe56c_fitness_center_FILL1_wght700_GRAD0_opsz40.svg]
[cdn.prod.website-files.com/631f0ee0710d8d51fa44a632/6331af3b60a7d6c14f14eef2_Frame 184.jpg]
[cdn.prod.website-files.com/631f0ee0710d8d51fa44a632/6331b0ec671767cc12fa8d3d_Rei-poster-00001.jpg]
[cdn.prod.website-files.com/631f0ee0710d8d51fa44a632/63316bdd320e0edc88c17737_favorite_FILL1_wght700_GRAD0_opsz40.svg]
[cdn.prod.website-files.com/631f0ee0710d8d51fa44a632/6331ade315e5a5dee684ee01_Image-rei.jpg]
[cdn.prod.website-files.com/631f0ee0710d8d51fa44a632/6331b302015e02078aec0083_Makoto-poster-00001.jpg]
[cdn.prod.website-files.com/631f0ee0710d8d51fa44a632/6331b2bfe0808d22d9146de6_Image-makoto.jpg]
[cdn.prod.website-files.com/631f0ee0710d8d51fa44a632/6331b21d2b5664f3788fd00f_Jin-poster-00001.jpg]
[cdn.prod.website-files.com/631f0ee0710d8d51fa44a632/6331ade2015e028e81ea9b86_Image-jin.jpg]
[cdn.prod.website-files.com/631f0ee0710d8d51fa44a632/6331f93a4c5a73bd0c3aa49d_Explorations.svg]
[cdn.prod.website-files.com/631f0ee0710d8d51fa44a632/6331f93b005307c47453d80c_Sketching.jpg]
[cdn.prod.website-files.com/631f0ee0710d8d51fa44a632/6331f93a57102403e1bcbec6_3D Modeling.jpg]
[cdn.prod.website-files.com/631f0ee0710d8d51fa44a632/6331f93aaa3f94cfcd9baff6_Render.jpg]
[bushido-6126a6.webflow.io/bushidos.html]
[cdn.prod.website-files.com/631f0ee0710d8d51fa44a632/633ac60f2bb4de0260e7c253_Logo.svg]
[bushido-6126a6.webflow.io/exchange/profile/my-account.html]
[cdn.prod.website-files.com/631f0ee0710d8d51fa44a632/633bfca457ced50906b7f5a9_Playcard2.jpg]
[cdn.prod.website-files.com/631f0ee0710d8d51fa44a632/633bf6ffc3b7125897a80caf_equalizer_FILL0_wght500_GRAD0_opsz48 1.svg]
[cdn.prod.website-files.com/631f0ee0710d8d51fa44a632/633bf700a44b9a860495e667_data_exploration_FILL0_wght400_GRAD0_opsz48.svg]
[cdn.prod.website-files.com/631f0ee0710d8d51fa44a632/633bf6ff702561a857f1589d_Vector.svg]
[cdn.prod.website-files.com/631f0ee0710d8d51fa44a632/633bf9db79f23995ac7b42e8_Bushido stats.jpg]
[cdn.prod.website-files.com/631f0ee0710d8d51fa44a632/6343cfd498f0f67edd615bcc_Maiar.jpg]
[bushido-6126a6.webflow.io/exchange/dashboard.html]
[cdn.prod.website-files.com/631f0ee0710d8d51fa44a632/631f28e24bc717ac5b6f5473_Logo.svg]
[d3e54v103j8qbb.cloudfront.net/static/youtube-placeholder.2b05e7d68d.svg]
[cdn.prod.website-files.com/6022af993a6b2191db3ed10c/628299f8aa233b83918e24fd_Pause.svg]
[cdn.prod.website-files.com/6022af993a6b2191db3ed10c/628298b20ae0236682d4b87f_Play-24.svg]
[cdn.prod.website-files.com/631f0ee0710d8d51fa44a632/63316bdd29b5ad1673a8d131_shield_FILL1_wght700_GRAD0_opsz40.svg]
[cdn.prod.website-files.com/631f0ee0710d8d51fa44a632/6331aff969213a1ef05ee1d1_bolt_FILL1_wght700_GRAD0_opsz40.svg]
[cdn.prod.website-files.com/631f0ee0710d8d51fa44a632/6331aff9ab0e8ed197cfe56c_fitness_center_FILL1_wght700_GRAD0_opsz40.svg]
[cdn.prod.website-files.com/631f0ee0710d8d51fa44a632/63316bdd320e0edc88c17737_favorite_FILL1_wght700_GRAD0_opsz40.svg]
[cdn.prod.website-files.com/631f0ee0710d8d51fa44a632/6331f93a4c5a73bd0c3aa49d_Explorations.svg]
[cdn.prod.website-files.com/631f0ee0710d8d51fa44a632/633ac60f2bb4de0260e7c253_Logo.svg]
[cdn.prod.website-files.com/631f0ee0710d8d51fa44a632/633d802004995b007d2fd85e_Cash.jpg]
[cdn.prod.website-files.com/631f0ee0710d8d51fa44a632/633d7fa055a34551a6183999_content_copy.svg]
[cdn.prod.website-files.com/631f0ee0710d8d51fa44a632/633d80e98e232045fda002a3_Frame 64.jpg]
[cdn.prod.website-files.com/631f0ee0710d8d51fa44a632/633d80e91770b6d8102d1975_Frame 63.jpg]
[cdn.prod.website-files.com/631f0ee0710d8d51fa44a632/633c4cea48fc216eb2c197d9_Jin.jpg]
[cdn.prod.website-files.com/631f0ee0710d8d51fa44a632/633c4cf4baa3739c5d1fba18_Meiyo.jpg]
[bushido-6126a6.webflow.io/exchange/profile/my-account.html]
[cdn.prod.website-files.com/631f0ee0710d8d51fa44a632/633bf6ffc3b7125897a80caf_equalizer_FILL0_wght500_GRAD0_opsz48 1.svg]
[cdn.prod.website-files.com/631f0ee0710d8d51fa44a632/633bf700a44b9a860495e667_data_exploration_FILL0_wght400_GRAD0_opsz48.svg]
[cdn.prod.website-files.com/631f0ee0710d8d51fa44a632/633bf6ff702561a857f1589d_Vector.svg]
[cdn.prod.website-files.com/631f0ee0710d8d51fa44a632/633d7fa055a34551a6183999_content_copy.svg]
[bushido-6126a6.webflow.io/_https_/cdn.prod.website-files.com/631f0ee0710d8d51fa44a632/631f24b9309f5e3920761369_Header video background-Compressed-poster-00001.html]
[bushido-6126a6.webflow.io/exchange/bundles.html]
[bushido-6126a6.webflow.io/_https_/cdn.prod.website-files.com/631f0ee0710d8d51fa44a632/6331728b91251546099d77c7_Meyio-poster-00001.html]
[bushido-6126a6.webflow.io/_https_/cdn.prod.website-files.com/631f0ee0710d8d51fa44a632/6331af602d1a56800e380e9f_Gi1-poster-00001.html]
[bushido-6126a6.webflow.io/_https_/cdn.prod.website-files.com/631f0ee0710d8d51fa44a632/6331b0ec671767cc12fa8d3d_Rei-poster-00001.html]
[bushido-6126a6.webflow.io/_https_/cdn.prod.website-files.com/631f0ee0710d8d51fa44a632/6331b302015e02078aec0083_Makoto-poster-00001.html]
[bushido-6126a6.webflow.io/_https_/cdn.prod.website-files.com/631f0ee0710d8d51fa44a632/6331b21d2b5664f3788fd00f_Jin-poster-00001.html]
[bushido-6126a6.webflow.io/exchange/marketplace.html]
[bushido-6126a6.webflow.io/exchange/stake.html]
[bushido-6126a6.webflow.io/exchange/profile/inventory.html]
[bushido-6126a6.webflow.io/exchange/profile/breeding.html]
